random detected!!!!!!!!!!!!!!!!
Diffusion Failure case found: [0.03025772988796234, 1, [460.81162095069885, 999.844379066041, -17.641361910090506, 1.879122759600626]]
Diffusion Failure case found: [0.030316437880198163, 2, [488.40313732624054, 979.0535321089952, 203.6029991549748, 1.9555325061026219]]
Diffusion Failure case found: [0.03035697665479448, 3, [430.3808915615082, 714.8367959114494, 699.2913235634009, 1.9599591437889567]]
Diffusion Failure case found: [0.03047314465045929, 4, [525.3909343481064, 887.6375506940816, 460.54270008090646, 1.981422861739186]]
Diffusion Failure case found: [0.03058826042546166, 5, [339.001222550869, 818.8987530997301, -573.938003770187, 1.7814246505373275]]
random detected!!!!!!!!!!!!!!!!
Diffusion Failure case found: [0.04272357755237156, 6, [369.35658782720566, 883.5175792588814, 468.39800078621835, 1.9256854079472294]]
random detected!!!!!!!!!!!!!!!!
random detected!!!!!!!!!!!!!!!!
Diffusion Failure case found: [0.11735322309864891, 7, [505.2256417274475, 999.1571714093997, -41.04810374630719, 1.8220770979797347]]
Diffusion Failure case found: [0.1178284850385454, 8, [494.5760104060173, 997.3015206557621, 73.41441886785206, 1.8462422799701077]]
Diffusion Failure case found: [0.1364458813269933, 9, [348.7907609343529, 825.8637225601339, -563.8697648917862, 1.805896831442594]]
random detected!!!!!!!!!!!!!!!!
random detected!!!!!!!!!!!!!!!!
Diffusion Failure case found: [0.14570451683468288, 10, [406.90834879875183, 631.158699668652, -775.6537216004165, 1.7894226498779278]]
Diffusion Failure case found: [0.14594764557149675, 11, [511.806942820549, 295.41857489755404, -955.3679215912048, 1.6670441900368733]]
Diffusion Failure case found: [0.14606664273473952, 12, [497.5556865334511, 382.92648368139163, -923.7788198997663, 1.6981115389560153]]
Diffusion Failure case found: [0.1461849839819802, 13, [595.708315372467, 854.0506106188183, -520.1899215686744, 1.8451131272896866]]
Diffusion Failure case found: [0.1462490346034368, 14, [463.4932190179825, 551.6691143593616, -834.0630601231286, 1.7464461398824325]]
Diffusion Failure case found: [0.14627237108018662, 15, [469.5524936914444, 474.73880114316574, -880.12673558366, 1.7249247593902153]]
Diffusion Failure case found: [0.1464002432425817, 16, [478.660344183445, 305.00091976970214, -952.3520561954155, 1.6733745634657513]]
random detected!!!!!!!!!!!!!!!!
Diffusion Failure case found: [0.16468096633752188, 17, [397.27213740348816, -1000.0, -1.2246467991473532e-13, 1.1777331306379153]]
random detected!!!!!!!!!!!!!!!!
random detected!!!!!!!!!!!!!!!!
random detected!!!!!!!!!!!!!!!!
random detected!!!!!!!!!!!!!!!!
random detected!!!!!!!!!!!!!!!!
random detected!!!!!!!!!!!!!!!!
random detected!!!!!!!!!!!!!!!!
random detected!!!!!!!!!!!!!!!!
random detected!!!!!!!!!!!!!!!!
Diffusion Failure case found: [0.23044702132542927, 18, [537.7512010931969, 962.9777536281632, -269.5808710150938, 1.7501429764653922]]
Diffusion Failure case found: [0.23945179919401804, 19, [393.2837516069412, 869.1449021309592, -494.55751849483124, 1.9073338330053153]]
Diffusion Failure case found: [0.3127893690930472, 20, [357.5752604007721, -7983.237176522613, -9.776645855062572e-13, 0.46363586232894244]]
Diffusion Failure case found: [0.31291905495855543, 21, [425.8130791783333, -3753.4033123888075, -4.596593352426026e-13, 0.8560843988257388]]
Diffusion Failure case found: [0.33156222144762676, 22, [518.1762498617172, 883.3486817077775, -468.7164457591942, 1.7204200201064501]]
random detected!!!!!!!!!!!!!!!!
Diffusion Failure case found: [0.3438011430369483, 23, [618.6550635099411, -1000.0, 1.2246467991473532e-13, 1.2677765108375547]]
Diffusion Failure case found: [0.3439712808529536, 24, [568.0806112289429, -1000.0, 1.2246467991473532e-13, 1.2422351315080133]]
Diffusion Failure case found: [0.3440722220473819, 25, [530.5592882633209, -1000.0, 1.2246467991473532e-13, 1.24561065698077]]
random detected!!!!!!!!!!!!!!!!
random detected!!!!!!!!!!!!!!!!
Diffusion Failure case found: [0.36630861931376985, 26, [373.4406080842018, 995.9124742499906, -90.32354971579485, 1.797899792919934]]
random detected!!!!!!!!!!!!!!!!
random detected!!!!!!!!!!!!!!!!
random detected!!!!!!!!!!!!!!!!
random detected!!!!!!!!!!!!!!!!
random detected!!!!!!!!!!!!!!!!
random detected!!!!!!!!!!!!!!!!
random detected!!!!!!!!!!!!!!!!
random detected!!!!!!!!!!!!!!!!
random detected!!!!!!!!!!!!!!!!
random detected!!!!!!!!!!!!!!!!
Diffusion Failure case found: [0.5146127217345767, 27, [521.1892876029015, 889.4739491495541, -456.9858791957324, 1.7729408923263241]]
random detected!!!!!!!!!!!!!!!!
random detected!!!!!!!!!!!!!!!!
random detected!!!!!!!!!!!!!!!!
random detected!!!!!!!!!!!!!!!!
random detected!!!!!!!!!!!!!!!!
random detected!!!!!!!!!!!!!!!!
Diffusion Failure case found: [0.5891085773044162, 28, [447.2226268053055, 964.9759142599943, -262.3384929782287, 1.7509682339851111]]
Diffusion Failure case found: [0.5894110998842451, 29, [432.02379673719406, 618.6507201934554, -785.666141821142, 1.7769710139876371]]
Diffusion Failure case found: [0.5896822283003065, 30, [346.4388808608055, 939.4623676193945, -342.65209736256065, 1.9665064551710074]]
Diffusion Failure case found: [0.5899100013573965, 31, [393.5493126511574, 853.6888280987738, -520.7834336644573, 1.7960194404870218]]
Diffusion Failure case found: [0.5899506262275908, 32, [427.23872780799866, 961.713726573691, -274.0560309858988, 1.8010215615185658]]
random detected!!!!!!!!!!!!!!!!
random detected!!!!!!!!!!!!!!!!
random detected!!!!!!!!!!!!!!!!
random detected!!!!!!!!!!!!!!!!
random detected!!!!!!!!!!!!!!!!
Diffusion Failure case found: [0.6551278340816498, 33, [752.5466865301132, -1000.0, 1.2246467991473532e-13, 1.244271138967325]]
random detected!!!!!!!!!!!!!!!!
random detected!!!!!!!!!!!!!!!!
random detected!!!!!!!!!!!!!!!!
random detected!!!!!!!!!!!!!!!!
random detected!!!!!!!!!!!!!!!!
Diffusion Failure case found: [0.7208427283498976, 34, [598.7220352888107, 999.7076225933348, 24.179936492523673, 1.8145543261847572]]
random detected!!!!!!!!!!!!!!!!
random detected!!!!!!!!!!!!!!!!
random detected!!!!!!!!!!!!!!!!
random detected!!!!!!!!!!!!!!!!
random detected!!!!!!!!!!!!!!!!
random detected!!!!!!!!!!!!!!!!
random detected!!!!!!!!!!!!!!!!
Diffusion Failure case found: [0.7766402542591095, 35, [529.9613130092621, 755.5133049009095, -655.1333040822343, 1.8104314315132892]]
Diffusion Failure case found: [0.7769984789027108, 36, [552.4075394868851, 819.604223644535, -572.9301149215661, 1.8638534343086122]]
Diffusion Failure case found: [0.7771897477573818, 37, [473.74166637659073, 846.4968206894334, -532.3937758489304, 1.848704001727497]]
random detected!!!!!!!!!!!!!!!!
random detected!!!!!!!!!!!!!!!!
random detected!!!!!!!!!!!!!!!!
random detected!!!!!!!!!!!!!!!!
random detected!!!!!!!!!!!!!!!!
random detected!!!!!!!!!!!!!!!!
random detected!!!!!!!!!!!!!!!!
random detected!!!!!!!!!!!!!!!!
random detected!!!!!!!!!!!!!!!!
random detected!!!!!!!!!!!!!!!!
random detected!!!!!!!!!!!!!!!!
Diffusion Failure case found: [0.9556109768152237, 38, [462.3157197237015, 352.4530979013984, 935.829479007638, 1.9036351775910807]]
random detected!!!!!!!!!!!!!!!!
random detected!!!!!!!!!!!!!!!!
random detected!!!!!!!!!!!!!!!!
random detected!!!!!!!!!!!!!!!!
random detected!!!!!!!!!!!!!!!!
random detected!!!!!!!!!!!!!!!!
random detected!!!!!!!!!!!!!!!!
random detected!!!!!!!!!!!!!!!!
random detected!!!!!!!!!!!!!!!!
random detected!!!!!!!!!!!!!!!!
random detected!!!!!!!!!!!!!!!!
Diffusion Failure case found: [0.07232457591427698, 1, [574.7136276960373, 681.4781270792429, -731.8384810274513, 1.7891729696017935]]
Diffusion Failure case found: [0.09488958484596677, 2, [460.15864938497543, 999.9631457968125, -8.5852809006385, 1.7757643625460764]]
Diffusion Failure case found: [0.10393069823582968, 3, [311.2211659550667, 999.4257545691667, -33.884526023713356, 1.971786680343195]]
Diffusion Failure case found: [0.10417506668302748, 4, [292.7904173731804, 970.138762950577, -242.55057332590292, 1.8561128930508348]]
random detected!!!!!!!!!!!!!!!!
random detected!!!!!!!!!!!!!!!!
random detected!!!!!!!!!!!!!!!!
Diffusion Failure case found: [0.14216066241264344, 5, [529.1456264257431, 864.4960717344487, -502.63957460162925, 1.7092834551611182]]
random detected!!!!!!!!!!!!!!!!
Diffusion Failure case found: [0.16003843949900734, 6, [618.1550616025925, 542.8872907146912, 839.8055665333866, 1.9137100817272599]]
Diffusion Failure case found: [0.1691815616024865, 7, [421.9034034013748, 810.6447312308187, 585.5383161909335, 1.939052571181832]]
Diffusion Failure case found: [0.17841463764508567, 8, [450.286762714386, -10130.335491225123, -1.2406082933617677e-12, 0.429502355502803]]
random detected!!!!!!!!!!!!!!!!
random detected!!!!!!!!!!!!!!!!
Diffusion Failure case found: [0.21930457890033722, 9, [601.4749044179916, 997.9934599486257, -63.317090108205534, 1.8452251904013652]]
random detected!!!!!!!!!!!!!!!!
random detected!!!!!!!!!!!!!!!!
Diffusion Failure case found: [0.23112043268150753, 10, [409.19685155153275, 1556.6453317495134, -1387.2275116431388, 1.9729819902610997]]
Diffusion Failure case found: [0.23114770021703507, 11, [404.2529007792473, 668.2101675397565, -743.97256131963, 1.7769669313009808]]
Diffusion Failure case found: [0.23119035998980203, 12, [427.5439524650574, 972.2014234996241, 234.14609145852663, 1.929450106831837]]
Diffusion Failure case found: [0.23127753449810876, 13, [411.1897775530815, -1000.0, 1.2246467991473532e-13, 1.2102501715031875]]
Diffusion Failure case found: [0.23129916237460243, 14, [462.1111646294594, -1000.0, 1.2246467991473532e-13, 1.2717343947393056]]
random detected!!!!!!!!!!!!!!!!
random detected!!!!!!!!!!!!!!!!
random detected!!!!!!!!!!!!!!!!
Diffusion Failure case found: [0.2937874745660358, 15, [479.858016371727, 949.8030613179324, 312.8484372840688, 1.7896557523587817]]
random detected!!!!!!!!!!!!!!!!
random detected!!!!!!!!!!!!!!!!
Diffusion Failure case found: [0.3308016505506304, 16, [404.4365033507347, 945.9307443385649, -324.3686589593526, 1.74988138227035]]
Diffusion Failure case found: [0.3586538423432244, 17, [447.969446182251, 738.8821511880609, -673.8346730880681, 1.7730536714037743]]
Diffusion Failure case found: [0.3587501496076584, 18, [574.6699035167694, 904.7406270926365, 425.96290646959255, 1.7753877088506602]]
random detected!!!!!!!!!!!!!!!!
random detected!!!!!!!!!!!!!!!!
random detected!!!!!!!!!!!!!!!!
random detected!!!!!!!!!!!!!!!!
random detected!!!!!!!!!!!!!!!!
random detected!!!!!!!!!!!!!!!!
random detected!!!!!!!!!!!!!!!!
random detected!!!!!!!!!!!!!!!!
random detected!!!!!!!!!!!!!!!!
Diffusion Failure case found: [0.4146324353747898, 19, [499.5570585131645, -8727.442012101412, 1.068803392486413e-12, 0.5465523737801776]]
random detected!!!!!!!!!!!!!!!!
random detected!!!!!!!!!!!!!!!!
Diffusion Failure case found: [0.4304390737745497, 20, [409.170246720314, 844.8301222755272, -535.0346385944725, 1.8838536896682991]]
Diffusion Failure case found: [0.43067562143007915, 21, [546.778814792633, 945.4241856388909, 325.84215382457825, 1.8158248286156637]]
Diffusion Failure case found: [0.4346590860022439, 22, [1100.0, -1000.0, 1.2246467991473532e-13, 1.3400090857856646]]
random detected!!!!!!!!!!!!!!!!
random detected!!!!!!!!!!!!!!!!
random detected!!!!!!!!!!!!!!!!
random detected!!!!!!!!!!!!!!!!
Diffusion Failure case found: [0.45828108463022443, 23, [618.2983183860779, 950.7138153285973, 310.0697362583807, 1.7799072822240296]]
Diffusion Failure case found: [0.46642800953653124, 24, [679.7743844985962, -1000.0, 1.2246467991473532e-13, 1.2549881257156972]]
Diffusion Failure case found: [0.46651841315958237, 25, [699.8412489891052, -1000.0, 1.2246467991473532e-13, 1.316442201136038]]
Diffusion Failure case found: [0.46653599984116023, 26, [708.2870322465897, -1000.0, 1.2246467991473532e-13, 1.2602907707292892]]
Diffusion Failure case found: [0.4665493847264184, 27, [555.1883453130722, -1000.0, 1.2246467991473532e-13, 1.2316584912684938]]
Diffusion Failure case found: [0.46656770368417105, 28, [599.3267673254013, -454.3587859805614, 890.8187770822246, 1.222728875701886]]
random detected!!!!!!!!!!!!!!!!
Diffusion Failure case found: [0.4705929763449563, 29, [1100.0, -1000.0, -1.2246467991473532e-13, 1.3171376606875769]]
random detected!!!!!!!!!!!!!!!!
Diffusion Failure case found: [0.49178791099124486, 30, [575.6386572122574, 998.4015065901733, 56.5193032376732, 1.782836255257195]]
Diffusion Failure case found: [0.4917969408300188, 31, [599.2209976911545, 984.3149875653353, 176.41996841132766, 1.86980437855734]]
Diffusion Failure case found: [0.4918191988600625, 32, [530.2505227923393, 926.6162656476486, -376.0083725626419, 1.7337130319426506]]
Diffusion Failure case found: [0.49190696597099304, 33, [608.9223080873489, 916.609153714226, 399.78451611748363, 1.8470966620967781]]
Diffusion Failure case found: [0.4919465874301063, 34, [631.5062689781189, 991.1285323006265, 132.9068563303112, 1.7855572192029279]]
Diffusion Failure case found: [0.49197698566648695, 35, [617.7707695960999, 423.9953224199727, 905.6643785453767, 1.874849085577457]]
Diffusion Failure case found: [0.491999097665151, 36, [572.1802890300751, 919.2392249887986, -393.6994376958049, 1.6995730949001235]]
Diffusion Failure case found: [0.49203850573963587, 37, [544.9711480736732, 988.3723926167592, -152.052666905329, 1.9071371942380149]]
Diffusion Failure case found: [0.49619147850407497, 38, [443.7558126449585, 961.792972565939, -273.7777893160344, 1.8117095028253685]]
random detected!!!!!!!!!!!!!!!!
Diffusion Failure case found: [0.5001514324876997, 39, [910.0070065259933, 974.8317591402704, -222.94178919952577, 1.6913743224793307]]
random detected!!!!!!!!!!!!!!!!
Diffusion Failure case found: [0.5040017159779867, 40, [722.8645956516266, -1000.0, -1.2246467991473532e-13, 1.277046121548334]]
random detected!!!!!!!!!!!!!!!!
random detected!!!!!!!!!!!!!!!!
random detected!!!!!!!!!!!!!!!!
random detected!!!!!!!!!!!!!!!!
random detected!!!!!!!!!!!!!!!!
random detected!!!!!!!!!!!!!!!!
random detected!!!!!!!!!!!!!!!!
Diffusion Failure case found: [0.5806326023075316, 41, [469.85843300819397, 998.7718848687517, -49.54515108182667, 1.8288585302697062]]
random detected!!!!!!!!!!!!!!!!
random detected!!!!!!!!!!!!!!!!
random detected!!!!!!!!!!!!!!!!
random detected!!!!!!!!!!!!!!!!
random detected!!!!!!!!!!!!!!!!
Diffusion Failure case found: [0.6266061700714959, 42, [556.9243186712265, 808.6066077130827, -588.3496868043194, 1.754158104909789]]
Diffusion Failure case found: [0.6553911188575956, 43, [408.0439755320549, 930.409211821697, -366.52243936398827, 1.8562178626985266]]
random detected!!!!!!!!!!!!!!!!
random detected!!!!!!!!!!!!!!!!
random detected!!!!!!!!!!!!!!!!
Diffusion Failure case found: [0.7251911548773448, 44, [545.0836420059204, 579.4113406878062, 815.0352742564944, 1.9924849751370288]]
random detected!!!!!!!!!!!!!!!!
Diffusion Failure case found: [0.7486177515321307, 45, [464.88765001296997, 970.2063986756676, -242.2798876687694, 1.7883838030186994]]
random detected!!!!!!!!!!!!!!!!
random detected!!!!!!!!!!!!!!!!
Diffusion Failure case found: [0.7963421585824755, 46, [451.61927819252014, 854.8521333986436, 518.8716893643243, 2.0078390018926564]]
random detected!!!!!!!!!!!!!!!!
Diffusion Failure case found: [0.8434418539868461, 47, [514.4001829624176, 973.8731806137539, 227.09255399781492, 1.9366994309781207]]
Diffusion Failure case found: [0.84359351211124, 48, [459.2693203687668, 877.8772910562652, -478.88564589859385, 1.8517811009278042]]
random detected!!!!!!!!!!!!!!!!
random detected!!!!!!!!!!!!!!!!
random detected!!!!!!!!!!!!!!!!
random detected!!!!!!!!!!!!!!!!
random detected!!!!!!!!!!!!!!!!
random detected!!!!!!!!!!!!!!!!
random detected!!!!!!!!!!!!!!!!
random detected!!!!!!!!!!!!!!!!
Diffusion Failure case found: [0.9960924098889034, 49, [404.2854177951813, 759.8227271419357, -650.1303125670971, 1.8108606007840415]]
random detected!!!!!!!!!!!!!!!!
Diffusion Failure case found: [0.040646384557088217, 1, [581.438250541687, 922.9157481251433, -385.0019764398709, 1.7435090555351147]]
Diffusion Failure case found: [0.058628873957528006, 2, [218.21135818958282, 978.0704503597476, -208.27432422908126, 1.9060376722459993]]
Diffusion Failure case found: [0.06782111638122135, 3, [415.40425568819046, -5067.449043489993, 6.205835250952336e-13, 0.6558734564477896]]
Diffusion Failure case found: [0.06798086947864956, 4, [360.7866162061691, 613.8202391959064, 789.4458271176562, 2.071848498397011]]
Diffusion Failure case found: [0.08610878944396973, 5, [370.2446499466896, 673.9726045489253, 738.7563389356045, 2.0668202201147743]]
Diffusion Failure case found: [0.08628623028596243, 6, [307.3040187358856, -2659.1259205639362, -3.2564900471483837e-13, 0.8124944959084595]]
Diffusion Failure case found: [0.08662899633248647, 7, [294.05906826257706, 789.1677062861755, -614.1777685288004, 1.901661463047998]]
random detected!!!!!!!!!!!!!!!!
random detected!!!!!!!!!!!!!!!!
random detected!!!!!!!!!!!!!!!!
random detected!!!!!!!!!!!!!!!!
random detected!!!!!!!!!!!!!!!!
random detected!!!!!!!!!!!!!!!!
random detected!!!!!!!!!!!!!!!!
random detected!!!!!!!!!!!!!!!!
Diffusion Failure case found: [0.18820226073265076, 8, [327.57930397987366, 873.3074313330533, 487.1695088759808, 1.9822574444816572]]
random detected!!!!!!!!!!!!!!!!
random detected!!!!!!!!!!!!!!!!
random detected!!!!!!!!!!!!!!!!
random detected!!!!!!!!!!!!!!!!
random detected!!!!!!!!!!!!!!!!
Diffusion Failure case found: [0.25373728904459214, 9, [343.4602117538452, 878.3147078539544, 478.0829153686867, 2.0514468828007217]]
Diffusion Failure case found: [0.25380719065666196, 10, [324.0776664018631, 969.7637715506314, -244.04554367554982, 1.842622689583395]]
Diffusion Failure case found: [0.2539467497004403, 11, [337.52808153629303, 988.2736135031904, -152.69336872748153, 1.9059342082861817]]
Diffusion Failure case found: [0.25413369960255094, 12, [314.8442307114601, 929.4557985257219, -368.93348802583995, 1.8355064062867905]]
Diffusion Failure case found: [0.254392376475864, 13, [342.9690456390381, 942.533163563435, 334.11260913515827, 1.9950748346566916]]
Diffusion Failure case found: [0.2545327529642317, 14, [326.5390518307686, 912.1734934952998, 409.8042432242256, 1.9548099480341512]]
Diffusion Failure case found: [0.254626038008266, 15, [324.5481073856354, 947.5518428100523, -319.60210447879393, 1.9301847187549326]]
Diffusion Failure case found: [0.25467563894059925, 16, [346.2701886892319, 967.0842418009256, 254.45641917689758, 2.018963408897945]]
random detected!!!!!!!!!!!!!!!!
random detected!!!!!!!!!!!!!!!!
random detected!!!!!!!!!!!!!!!!
random detected!!!!!!!!!!!!!!!!
random detected!!!!!!!!!!!!!!!!
random detected!!!!!!!!!!!!!!!!
random detected!!!!!!!!!!!!!!!!
Diffusion Failure case found: [0.40377532018555534, 17, [494.4490283727646, 994.5831940657779, 103.94359086502233, 1.8553992407268454]]
random detected!!!!!!!!!!!!!!!!
random detected!!!!!!!!!!!!!!!!
random detected!!!!!!!!!!!!!!!!
random detected!!!!!!!!!!!!!!!!
Diffusion Failure case found: [0.49191119690736135, 18, [539.1068780422211, 622.3994316113609, 782.6997812251226, 1.9084604221879968]]
random detected!!!!!!!!!!!!!!!!
random detected!!!!!!!!!!!!!!!!
Diffusion Failure case found: [0.5013490951723523, 19, [556.1922472715378, 917.0802897560558, -398.7025735318858, 1.7736428513328102]]
Diffusion Failure case found: [0.5015781578752729, 20, [825.9020859003067, -1000.0, 1.2246467991473532e-13, 1.2983845957528637]]
random detected!!!!!!!!!!!!!!!!
random detected!!!!!!!!!!!!!!!!
random detected!!!!!!!!!!!!!!!!
random detected!!!!!!!!!!!!!!!!
random detected!!!!!!!!!!!!!!!!
Diffusion Failure case found: [0.5715222797128889, 21, [382.19002425670624, 78.59212054184408, -996.9068555229903, 1.59929952986628]]
random detected!!!!!!!!!!!!!!!!
random detected!!!!!!!!!!!!!!!!
random detected!!!!!!!!!!!!!!!!
random detected!!!!!!!!!!!!!!!!
random detected!!!!!!!!!!!!!!!!
Diffusion Failure case found: [0.6552870632542505, 22, [457.69089698791504, 626.3726078410722, 779.5238008851137, 1.990798494019928]]
Diffusion Failure case found: [0.655310493906339, 23, [482.7952352166176, 409.2442584432153, 912.4248664581993, 1.8911647833755407]]
Diffusion Failure case found: [0.6556581636269887, 24, [481.8124482035637, 838.3366048677321, -545.1529482070548, 1.8191573625339998]]
random detected!!!!!!!!!!!!!!!!
random detected!!!!!!!!!!!!!!!!
random detected!!!!!!!!!!!!!!!!
random detected!!!!!!!!!!!!!!!!
random detected!!!!!!!!!!!!!!!!
Diffusion Failure case found: [0.6933710234695011, 25, [368.28199952840805, 982.9760262413521, 183.73386142668627, 2.003094846039271]]
random detected!!!!!!!!!!!!!!!!
random detected!!!!!!!!!!!!!!!!
random detected!!!!!!!!!!!!!!!!
random detected!!!!!!!!!!!!!!!!
random detected!!!!!!!!!!!!!!!!
Diffusion Failure case found: [0.8164765649371677, 26, [426.86219960451126, 608.5556059007146, 793.5112315064067, 2.0399174875088133]]
random detected!!!!!!!!!!!!!!!!
random detected!!!!!!!!!!!!!!!!
random detected!!!!!!!!!!!!!!!!
random detected!!!!!!!!!!!!!!!!
Diffusion Failure case found: [0.8549212396144867, 27, [426.27598375082016, 521.8612482845483, 853.0303848860797, 1.948308721810226]]
random detected!!!!!!!!!!!!!!!!
random detected!!!!!!!!!!!!!!!!
random detected!!!!!!!!!!!!!!!!
Diffusion Failure case found: [0.9022342934211095, 28, [531.8122816085815, -1000.0, 1.2246467991473532e-13, 1.2775837263874474]]
Diffusion Failure case found: [0.9024185445573595, 29, [531.4775285124779, 467.50371379086414, 883.991107190423, 1.9310312312599178]]
random detected!!!!!!!!!!!!!!!!
random detected!!!!!!!!!!!!!!!!
Diffusion Failure case found: [0.997432165477011, 30, [577.9696822166443, -7665.222043685615, 9.387189640553323e-13, 0.5865063283999018]]
Diffusion Failure case found: [0.9977505509058634, 31, [467.8804823756218, 474.5891496854848, 880.2074408915256, 1.9451973758494416]]
Diffusion Failure case found: [0.008211997283829583, 1, [327.5380811095238, 915.1716367385964, 403.06435628717986, 1.9083485554404964]]
random detected!!!!!!!!!!!!!!!!
random detected!!!!!!!!!!!!!!!!
random detected!!!!!!!!!!!!!!!!
random detected!!!!!!!!!!!!!!!!
Diffusion Failure case found: [0.0452496999502182, 2, [325.1256173849106, 557.9162154647352, -829.8972807049721, 1.7608350149361867]]
Diffusion Failure case found: [0.04548395772775014, 3, [446.7697924375534, -1000.0, 1.2246467991473532e-13, 1.1681291787776278]]
Diffusion Failure case found: [0.06393390059471131, 4, [421.3945007324219, 907.3584299408377, -420.35779951762265, 1.8248749091113499]]
random detected!!!!!!!!!!!!!!!!
Diffusion Failure case found: [0.08191252748171489, 5, [396.775481402874, 799.4883430728172, -600.6816039223121, 1.866443865413395]]
Diffusion Failure case found: [0.08214320898056031, 6, [676.3774770498276, 983.5762791819308, 180.49294454528822, 1.7459329420847913]]
Diffusion Failure case found: [0.08220105568567912, 7, [597.8953039646149, 996.7999746569436, 79.93629040627746, 1.8711918152794922]]
Diffusion Failure case found: [0.08233393377727932, 8, [602.863033413887, 642.4033525843172, -766.3667089510279, 1.785027123009604]]
Diffusion Failure case found: [0.08242969638771482, 9, [554.5174098014832, 995.7397642713009, -92.2080357069493, 1.7381098467188623]]
random detected!!!!!!!!!!!!!!!!
random detected!!!!!!!!!!!!!!!!
Diffusion Failure case found: [0.15608074598842198, 10, [507.4538531899452, 776.2717019860124, 630.3984808799427, 1.931699367529884]]
random detected!!!!!!!!!!!!!!!!
random detected!!!!!!!!!!!!!!!!
Diffusion Failure case found: [0.18352497299512227, 11, [403.19049417972565, 539.02833265958, -842.2876329320247, 1.75143936066108]]
Diffusion Failure case found: [0.183877060479588, 12, [394.09979552030563, 417.25916018667306, -908.7875402096533, 1.7145391179059801]]
Diffusion Failure case found: [0.18390039530065325, 13, [380.64012229442596, 503.0191345604148, -864.2752745891157, 1.7558193014768508]]
Diffusion Failure case found: [0.1839644793007109, 14, [389.99781131744385, 406.2368797555051, -913.7678028506538, 1.7229971210965385]]
Diffusion Failure case found: [0.18411475029256608, 15, [381.91423058509827, 567.0312160681206, -823.6963032600719, 1.7638485177225822]]
random detected!!!!!!!!!!!!!!!!
random detected!!!!!!!!!!!!!!!!
Diffusion Failure case found: [0.2861190734969245, 16, [540.678219795227, 967.2993586909565, -253.63743942104506, 1.7457172203517157]]
Diffusion Failure case found: [0.2862514494525062, 17, [568.3709579706192, 436.75968179091336, -899.5782235925346, 1.695150678241983]]
random detected!!!!!!!!!!!!!!!!
Diffusion Failure case found: [0.30481613576412203, 18, [478.38490784168243, 936.2271797830882, -351.3953156139179, 1.7378042981197175]]
Diffusion Failure case found: [0.304971811109119, 19, [479.0622103214264, 905.6016468909698, 424.1292929619022, 1.9557895812867394]]
random detected!!!!!!!!!!!!!!!!
random detected!!!!!!!!!!!!!!!!
random detected!!!!!!!!!!!!!!!!
random detected!!!!!!!!!!!!!!!!
random detected!!!!!!!!!!!!!!!!
Diffusion Failure case found: [0.47864841255876756, 20, [512.3511561751366, 235.1228433756812, 971.9656622139154, 1.7999021808281395]]
random detected!!!!!!!!!!!!!!!!
Diffusion Failure case found: [0.4879922476742003, 21, [386.3203349709511, 856.572587798467, 516.0265514798997, 1.8910595188374575]]
random detected!!!!!!!!!!!!!!!!
random detected!!!!!!!!!!!!!!!!
random detected!!!!!!!!!!!!!!!!
Diffusion Failure case found: [0.49720402220884957, 22, [399.8469263315201, 996.4116757696835, 84.63907129601098, 1.887966896228099]]
random detected!!!!!!!!!!!!!!!!
random detected!!!!!!!!!!!!!!!!
random detected!!!!!!!!!!!!!!!!
Diffusion Failure case found: [0.528749965760443, 23, [337.75157511234283, -1000.0, -1.2246467991473532e-13, 1.1928815654253142]]
random detected!!!!!!!!!!!!!!!!
random detected!!!!!!!!!!!!!!!!
random detected!!!!!!!!!!!!!!!!
random detected!!!!!!!!!!!!!!!!
random detected!!!!!!!!!!!!!!!!
random detected!!!!!!!!!!!!!!!!
random detected!!!!!!!!!!!!!!!!
random detected!!!!!!!!!!!!!!!!
random detected!!!!!!!!!!!!!!!!
random detected!!!!!!!!!!!!!!!!
Diffusion Failure case found: [0.6313012587361866, 24, [402.76351749897003, 899.2397738772152, 437.4560881702927, 2.041590325885853]]
random detected!!!!!!!!!!!!!!!!
Diffusion Failure case found: [0.6776711129479938, 25, [300.2703055739403, 3629.6756240954364, -71.31534260474801, 2.4357160304148366]]
Diffusion Failure case found: [0.6778061981995901, 26, [308.3467721939087, 6700.6992023656, -731.4483814170628, 2.622826878957333]]
Diffusion Failure case found: [0.6778612885210249, 27, [341.37957751750946, 831.2238062691122, -555.9379316897611, 1.8811415294408165]]
Diffusion Failure case found: [0.7060091585583157, 28, [398.32242727279663, 848.9208721057506, -528.5199645266126, 1.7859729340250956]]
random detected!!!!!!!!!!!!!!!!
random detected!!!!!!!!!!!!!!!!
random detected!!!!!!!!!!!!!!!!
random detected!!!!!!!!!!!!!!!!
Diffusion Failure case found: [0.7898456259568533, 29, [545.5176678299904, 422.6136984403471, 906.3099149245645, 1.869696668574718]]
random detected!!!!!!!!!!!!!!!!
random detected!!!!!!!!!!!!!!!!
Diffusion Failure case found: [0.874424844649103, 30, [540.5250877141953, 998.653937861072, -51.868221432530234, 1.8007863328617377]]
random detected!!!!!!!!!!!!!!!!
random detected!!!!!!!!!!!!!!!!
random detected!!!!!!!!!!!!!!!!
Diffusion Failure case found: [0.9680540700091256, 31, [571.4334696531296, 808.359754564667, 588.6888033589149, 1.9337519288010272]]
random detected!!!!!!!!!!!!!!!!
random detected!!!!!!!!!!!!!!!!
Segmentation fault (core dumped)
